Server listening on 0.0.0.0:8888
RPC: Login for user 'user_27'
RPC: Login for user 'user_7'
RPC: Login for user 'user_13'
RPC: Login for user 'user_14'
RPC: Login for user 'user_16'
RPC: Login for user 'user_22'
RPC: Login for user 'user_20'
RPC: Login for user 'user_25'
RPC: Login for user 'user_1'
RPC: Login for user 'user_12'
RPC: Login for user 'user_3'
RPC: Login for user 'user_29'
RPC: Login for user 'user_21'
RPC: Login for user 'user_17'
RPC: Login for user 'user_2'
RPC: Login for user 'user_11'
RPC: Login for user 'user_9'
RPC: Login for user 'user_18'
RPC: Login for user 'user_28'
RPC: Login for user 'user_5'
RPC: Login for user 'user_8'
RPC: Login for user 'user_15'
RPC: Login for user 'user_19'
RPC: Login for user 'user_23'
RPC: Login for user 'user_24'
RPC: Login for user 'user_10'
RPC: Login for user 'user_26'
RPC: Login for user 'user_6'
RPC: Login for user 'user_0'
RPC: Login for user 'user_4'
RPC: Login for user 'user_30'
RPC: Login for user 'user_36'
RPC: Login for user 'user_32'
RPC: Login for user 'user_45'
RPC: Login for user 'user_33'
RPC: Login for user 'user_31'
RPC: Login for user 'user_37'
RPC: Login for user 'user_39'
RPC: Login for user 'user_40'
RPC: Login for user 'user_41'
RPC: Login for user 'user_47'
RPC: Login for user 'user_48'
RPC: Login for user 'user_49'
RPC: Login for user 'user_46'
RPC: Login for user 'user_44'
RPC: Login for user 'user_43'
RPC: Login for user 'user_34'
RPC: Login for user 'user_42'
RPC: Login for user 'user_35'
RPC: Login for user 'user_38'
RPC: ManageRoom for user 2 in room 'perf_test'
Room 'perf_test' created.
User 2 joined room perf_test
RPC: ManageRoom for user 3 in room 'perf_test'
User 3 joined room perf_test
RPC: ManageRoom for user 4 in room 'perf_test'
User 4 joined room perf_test
RPC: ManageRoom for user 5 in room 'perf_test'
User 5 joined room perf_test
RPC: ManageRoom for user 6 in room 'perf_test'
User 6 joined room perf_test
RPC: ManageRoom for user 7 in room 'perf_test'
User 7 joined room perf_test
RPC: ManageRoom for user 8 in room 'perf_test'
User 8 joined room perf_test
RPC: ManageRoom for user 9 in room 'perf_test'
User 9 joined room perf_test
RPC: ManageRoom for user 10 in room 'perf_test'
User 10 joined room perf_test
RPC: ManageRoom for user 11 in room 'perf_test'
User 11 joined room perf_test
RPC: ManageRoom for user 12 in room 'perf_test'
User 12 joined room perf_test
RPC: ManageRoom for user 13 in room 'perf_test'
User 13 joined room perf_test
RPC: ManageRoom for user 14 in room 'perf_test'
User 14 joined room perf_test
RPC: ManageRoom for user 15 in room 'perf_test'
User 15 joined room perf_test
RPC: ManageRoom for user 16 in room 'perf_test'
User 16 joined room perf_test
RPC: ManageRoom for user 17 in room 'perf_test'
User 17 joined room perf_test
RPC: ManageRoom for user 18 in room 'perf_test'
User 18 joined room perf_test
RPC: ManageRoom for user 19 in room 'perf_test'
User 19 joined room perf_test
RPC: ManageRoom for user 20 in room 'perf_test'
User 20 joined room perf_test
RPC: ManageRoom for user 21 in room 'perf_test'
User 21 joined room perf_test
RPC: ManageRoom for user 22 in room 'perf_test'
User 22 joined room perf_test
RPC: ManageRoom for user 23 in room 'perf_test'
User 23 joined room perf_test
RPC: ManageRoom for user 24 in room 'perf_test'
User 24 joined room perf_test
RPC: ManageRoom for user 25 in room 'perf_test'
User 25 joined room perf_test
RPC: ManageRoom for user 26 in room 'perf_test'
User 26 joined room perf_test
RPC: ManageRoom for user 27 in room 'perf_test'
User 27 joined room perf_test
RPC: ManageRoom for user 28 in room 'perf_test'
User 28 joined room perf_test
RPC: ManageRoom for user 29 in room 'perf_test'
User 29 joined room perf_test
RPC: ManageRoom for user 30 in room 'perf_test'
User 30 joined room perf_test
RPC: ManageRoom for user 31 in room 'perf_test'
User 31 joined room perf_test
RPC: ManageRoom for user 32 in room 'perf_test'
User 32 joined room perf_test
RPC: ManageRoom for user 33 in room 'perf_test'
User 33 joined room perf_test
RPC: ManageRoom for user 34 in room 'perf_test'
User 34 joined room perf_test
RPC: ManageRoom for user 35 in room 'perf_test'
User 35 joined room perf_test
RPC: ManageRoom for user 36 in room 'perf_test'
User 36 joined room perf_test
RPC: ManageRoom for user 37 in room 'perf_test'
User 37 joined room perf_test
RPC: ManageRoom for user 38 in room 'perf_test'
User 38 joined room perf_test
RPC: ManageRoom for user 39 in room 'perf_test'
User 39 joined room perf_test
RPC: ManageRoom for user 40 in room 'perf_test'
User 40 joined room perf_test
RPC: ManageRoom for user 41 in room 'perf_test'
User 41 joined room perf_test
RPC: ManageRoom for user 42 in room 'perf_test'
User 42 joined room perf_test
RPC: ManageRoom for user 43 in room 'perf_test'
User 43 joined room perf_test
RPC: ManageRoom for user 44 in room 'perf_test'
User 44 joined room perf_test
RPC: ManageRoom for user 45 in room 'perf_test'
User 45 joined room perf_test
RPC: ManageRoom for user 46 in room 'perf_test'
User 46 joined room perf_test
RPC: ManageRoom for user 47 in room 'perf_test'
User 47 joined room perf_test
RPC: ManageRoom for user 48 in room 'perf_test'
User 48 joined room perf_test
RPC: ManageRoom for user 49 in room 'perf_test'
User 49 joined room perf_test
RPC: ManageRoom for user 1 in room 'perf_test'
User 1 joined room perf_test
RPC: ManageRoom for user 50 in room 'perf_test'
User 50 joined room perf_test
RPC: StreamAudio started for user 4 in room perf_test
RPC: StreamAudio started for user 2 in room perf_test
RPC: StreamAudio started for user 5 in room perf_test
RPC: StreamAudio started for user 3 in room perf_test
RPC: StreamAudio started for user 6 in room perf_test
RPC: StreamAudio started for user 7 in room perf_test
RPC: StreamAudio started for user 8 in room perf_test
RPC: StreamAudio started for user 9 in room perf_test
RPC: StreamAudio started for user 10 in room perf_test
RPC: StreamAudio started for user 11 in room perf_test
RPC: StreamAudio started for user 12 in room perf_test
RPC: StreamAudio started for user 13 in room perf_test
RPC: StreamAudio started for user 14 in room perf_test
RPC: StreamAudio started for user 16 in room perf_test
RPC: StreamAudio started for user 15 in room perf_test
RPC: StreamAudio started for user 17 in room perf_test
RPC: StreamAudio started for user 18 in room perf_test
RPC: StreamAudio started for user 19 in room perf_test
RPC: StreamAudio started for user 20 in room perf_test
RPC: StreamAudio started for user 21 in room perf_test
RPC: StreamAudio started for user 22 in room perf_test
RPC: StreamAudio started for user 23 in room perf_test
RPC: StreamAudio started for user 24 in room perf_test
RPC: StreamAudio started for user 25 in room perf_test
RPC: StreamAudio started for user 26 in room perf_test
RPC: StreamAudio started for user 27 in room perf_test
RPC: StreamAudio started for user 28 in room perf_test
RPC: StreamAudio started for user 29 in room perf_test
RPC: StreamAudio started for user 30 in room perf_test
RPC: StreamAudio started for user 31 in room perf_test
RPC: StreamAudio started for user 32 in room perf_test
RPC: StreamAudio started for user 33 in room perf_test
RPC: StreamAudio started for user 34 in room perf_test
RPC: StreamAudio started for user 36 in room perf_test
RPC: StreamAudio started for user 35 in room perf_test
RPC: StreamAudio started for user 37 in room perf_test
RPC: StreamAudio started for user 38 in room perf_test
RPC: StreamAudio started for user 39 in room perf_test
RPC: StreamAudio started for user 40 in room perf_test
RPC: StreamAudio started for user 41 in room perf_test
RPC: StreamAudio started for user 42 in room perf_test
RPC: StreamAudio started for user 44 in room perf_test
RPC: StreamAudio started for user 43 in room perf_test
RPC: StreamAudio started for user 45 in room perf_test
RPC: StreamAudio started for user 46 in room perf_test
RPC: StreamAudio started for user 48 in room perf_test
RPC: StreamAudio started for user 47 in room perf_test
RPC: StreamAudio started for user 1 in room perf_test
RPC: StreamAudio started for user 49 in room perf_test
RPC: StreamAudio started for user 50 in room perf_test
Performance Warning: Dropping broadcast due to congestion (1001 pending)
Performance Warning: Dropping broadcast due to congestion (1001 pending)
Performance Warning: Dropping broadcast due to congestion (1001 pending)
Performance Warning: Dropping broadcast due to congestion (1001 pending)
Performance Warning: Dropping broadcast due to congestion (1000 pending)
Performance Warning: Dropping broadcast due to congestion (1003 pending)
Performance Warning: Dropping broadcast due to congestion (1001 pending)
Performance Warning: Dropping broadcast due to congestion (1001 pending)
Performance Warning: Dropping broadcast due to congestion (1005 pending)
Performance Warning: Dropping broadcast due to congestion (1000 pending)
Performance Warning: Dropping broadcast due to congestion (1001 pending)
Performance Warning: Dropping broadcast due to congestion (1003 pending)
Performance Warning: Dropping broadcast due to congestion (1001 pending)
Performance Warning: Dropping broadcast due to congestion (1001 pending)
Performance Warning: Dropping broadcast due to congestion (1001 pending)
Performance Warning: Dropping broadcast due to congestion (1003 pending)
Performance Warning: Dropping broadcast due to congestion (1009 pending)
Performance Warning: Dropping broadcast due to congestion (1001 pending)
Performance Warning: Dropping broadcast due to congestion (1002 pending)
Performance Warning: Dropping broadcast due to congestion (1001 pending)
Performance Warning: Dropping broadcast due to congestion (1002 pending)
Performance Warning: Dropping broadcast due to congestion (1002 pending)
Performance Warning: Dropping broadcast due to congestion (1002 pending)
Performance Warning: Dropping broadcast due to congestion (1001 pending)
Performance Warning: Dropping broadcast due to congestion (1001 pending)
Performance Warning: Dropping broadcast due to congestion (1001 pending)
Performance Warning: Dropping broadcast due to congestion (1005 pending)
Performance Warning: Dropping broadcast due to congestion (1008 pending)
Performance Warning: Dropping broadcast due to congestion (1003 pending)
Performance Warning: Dropping broadcast due to congestion (1001 pending)
Performance Warning: Dropping broadcast due to congestion (1001 pending)
Performance Warning: Dropping broadcast due to congestion (1004 pending)
Performance Warning: Dropping broadcast due to congestion (1002 pending)
Performance Warning: Dropping broadcast due to congestion (1005 pending)
Performance Warning: Dropping broadcast due to congestion (1001 pending)
Performance Warning: Dropping broadcast due to congestion (1003 pending)
Performance Warning: Dropping broadcast due to congestion (1000 pending)
Performance Warning: Dropping broadcast due to congestion (1002 pending)
Performance Warning: Dropping broadcast due to congestion (1002 pending)
Performance Warning: Dropping broadcast due to congestion (1005 pending)
Performance Warning: Dropping broadcast due to congestion (1001 pending)
Performance Warning: Dropping broadcast due to congestion (1001 pending)
Performance Warning: Dropping broadcast due to congestion (1003 pending)
Performance Warning: Dropping broadcast due to congestion (1008 pending)
Performance Warning: Dropping broadcast due to congestion (1002 pending)
Performance Warning: Dropping broadcast due to congestion (1003 pending)
Performance Warning: Dropping broadcast due to congestion (1002 pending)
Performance Warning: Dropping broadcast due to congestion (1003 pending)
Performance Warning: Dropping broadcast due to congestion (1004 pending)
Performance Warning: Dropping broadcast due to congestion (1001 pending)
Performance Warning: Dropping broadcast due to congestion (1001 pending)
Performance Warning: Dropping broadcast due to congestion (1001 pending)
Performance Warning: Dropping broadcast due to congestion (1002 pending)
Performance Warning: Dropping broadcast due to congestion (1002 pending)
Performance Warning: Dropping broadcast due to congestion (1001 pending)
Performance Warning: Dropping broadcast due to congestion (1001 pending)
Performance Warning: Dropping broadcast due to congestion (1004 pending)
Performance Warning: Dropping broadcast due to congestion (1001 pending)
Performance Warning: Dropping broadcast due to congestion (1002 pending)
Performance Warning: Dropping broadcast due to congestion (1001 pending)
Performance Warning: Dropping broadcast due to congestion (1002 pending)
RPC: StreamAudio ended for user 22
RPC: StreamAudio ended for user 6
RPC: StreamAudio ended for user 41
RPC: StreamAudio ended for user 10
RPC: StreamAudio ended for user 29
RPC: StreamAudio ended for user 19
RPC: StreamAudio ended for user 28
RPC: StreamAudio ended for user 44
RPC: StreamAudio ended for user 14
RPC: StreamAudio ended for user 9
RPC: StreamAudio ended for user 23
RPC: StreamAudio ended for user 38
RPC: StreamAudio ended for user 42
RPC: StreamAudio ended for user 39
RPC: StreamAudio ended for user 20
RPC: StreamAudio ended for user 40
RPC: StreamAudio ended for user 49
RPC: StreamAudio ended for user 31
RPC: StreamAudio ended for user 45
RPC: StreamAudio ended for user 43
RPC: StreamAudio ended for user 35
RPC: StreamAudio ended for user 1
RPC: StreamAudio ended for user 13
RPC: StreamAudio ended for user 36
RPC: StreamAudio ended for user 48
RPC: StreamAudio ended for user 33
RPC: StreamAudio ended for user 34
RPC: StreamAudio ended for user 11
RPC: StreamAudio ended for user 27
RPC: StreamAudio ended for user 46
RPC: StreamAudio ended for user 32
RPC: StreamAudio ended for user 37
RPC: StreamAudio ended for user 24
RPC: StreamAudio ended for user 21
RPC: StreamAudio ended for user 26
RPC: StreamAudio ended for user 7
RPC: StreamAudio ended for user 25
RPC: StreamAudio ended for user 47
RPC: StreamAudio ended for user 3
RPC: StreamAudio ended for user 8
RPC: StreamAudio ended for user 17
RPC: StreamAudio ended for user 2
RPC: StreamAudio ended for user 15
RPC: StreamAudio ended for user 30
RPC: StreamAudio ended for user 16
RPC: StreamAudio ended for user 5
RPC: StreamAudio ended for user 18
RPC: StreamAudio ended for user 12
RPC: StreamAudio ended for user 4
RPC: StreamAudio ended for user 50
