execve("./build/echomesh_server", ["./build/echomesh_server"], 0x7ffef68b1448 /* 92 vars */) = 0
brk(NULL)                               = 0x5a09349bd000
mmap(NULL, 8192, PROT_READ|PROT_WRITE, MAP_PRIVATE|MAP_ANONYMOUS, -1, 0) = 0x7d0c85cc3000
access("/etc/ld.so.preload", R_OK)      = -1 ENOENT (没有那个文件或目录)
openat(AT_FDCWD, "/etc/ld.so.cache", O_RDONLY|O_CLOEXEC) = 3
fstat(3, {st_mode=S_IFREG|0644, st_size=77951, ...}) = 0
mmap(NULL, 77951, PROT_READ, MAP_PRIVATE, 3, 0) = 0x7d0c85caf000
close(3)                                = 0
openat(AT_FDCWD, "/lib/x86_64-linux-gnu/libgrpc++.so.1.51", O_RDONLY|O_CLOEXEC) = 3
read(3, "\177ELF\2\1\1\0\0\0\0\0\0\0\0\0\3\0>\0\1\0\0\0\0\0\0\0\0\0\0\0"..., 832) = 832
fstat(3, {st_mode=S_IFREG|0644, st_size=759088, ...}) = 0
mmap(NULL, 761272, PROT_READ, MAP_PRIVATE|MAP_DENYWRITE, 3, 0) = 0x7d0c85bf5000
mmap(0x7d0c85c21000, 401408, PROT_READ|PROT_EXEC, MAP_PRIVATE|MAP_FIXED|MAP_DENYWRITE, 3, 0x2c000) = 0x7d0c85c21000
mmap(0x7d0c85c83000, 159744, PROT_READ, MAP_PRIVATE|MAP_FIXED|MAP_DENYWRITE, 3, 0x8e000) = 0x7d0c85c83000
mmap(0x7d0c85caa000, 20480, PROT_READ|PROT_WRITE, MAP_PRIVATE|MAP_FIXED|MAP_DENYWRITE, 3, 0xb4000) = 0x7d0c85caa000
close(3)                                = 0
openat(AT_FDCWD, "/lib/x86_64-linux-gnu/libprotobuf.so.32", O_RDONLY|O_CLOEXEC) = 3
read(3, "\177ELF\2\1\1\0\0\0\0\0\0\0\0\0\3\0>\0\1\0\0\0\0\0\0\0\0\0\0\0"..., 832) = 832
fstat(3, {st_mode=S_IFREG|0644, st_size=3056272, ...}) = 0
mmap(NULL, 3060024, PROT_READ, MAP_PRIVATE|MAP_DENYWRITE, 3, 0) = 0x7d0c85800000
mmap(0x7d0c85893000, 1888256, PROT_READ|PROT_EXEC, MAP_PRIVATE|MAP_FIXED|MAP_DENYWRITE, 3, 0x93000) = 0x7d0c85893000
mmap(0x7d0c85a60000, 528384, PROT_READ, MAP_PRIVATE|MAP_FIXED|MAP_DENYWRITE, 3, 0x260000) = 0x7d0c85a60000
mmap(0x7d0c85ae1000, 40960, PROT_READ|PROT_WRITE, MAP_PRIVATE|MAP_FIXED|MAP_DENYWRITE, 3, 0x2e0000) = 0x7d0c85ae1000
mmap(0x7d0c85aeb000, 312, PROT_READ|PROT_WRITE, MAP_PRIVATE|MAP_FIXED|MAP_ANONYMOUS, -1, 0) = 0x7d0c85aeb000
close(3)                                = 0
openat(AT_FDCWD, "/usr/local/lib/libopus.so.0", O_RDONLY|O_CLOEXEC) = 3
read(3, "\177ELF\2\1\1\0\0\0\0\0\0\0\0\0\3\0>\0\1\0\0\0\0\0\0\0\0\0\0\0"..., 832) = 832
fstat(3, {st_mode=S_IFREG|0755, st_size=1667272, ...}) = 0
mmap(NULL, 381312, PROT_READ, MAP_PRIVATE|MAP_DENYWRITE, 3, 0) = 0x7d0c85b97000
mmap(0x7d0c85b9a000, 290816, PROT_READ|PROT_EXEC, MAP_PRIVATE|MAP_FIXED|MAP_DENYWRITE, 3, 0x3000) = 0x7d0c85b9a000
mmap(0x7d0c85be1000, 73728, PROT_READ, MAP_PRIVATE|MAP_FIXED|MAP_DENYWRITE, 3, 0x4a000) = 0x7d0c85be1000
mmap(0x7d0c85bf3000, 8192, PROT_READ|PROT_WRITE, MAP_PRIVATE|MAP_FIXED|MAP_DENYWRITE, 3, 0x5c000) = 0x7d0c85bf3000
close(3)                                = 0
openat(AT_FDCWD, "/lib/x86_64-linux-gnu/libuuid.so.1", O_RDONLY|O_CLOEXEC) = 3
read(3, "\177ELF\2\1\1\0\0\0\0\0\0\0\0\0\3\0>\0\1\0\0\0\0\0\0\0\0\0\0\0"..., 832) = 832
fstat(3, {st_mode=S_IFREG|0644, st_size=35032, ...}) = 0
mmap(NULL, 36904, PROT_READ, MAP_PRIVATE|MAP_DENYWRITE, 3, 0) = 0x7d0c85b8d000
mmap(0x7d0c85b8f000, 20480, PROT_READ|PROT_EXEC, MAP_PRIVATE|MAP_FIXED|MAP_DENYWRITE, 3, 0x2000) = 0x7d0c85b8f000
mmap(0x7d0c85b94000, 4096, PROT_READ, MAP_PRIVATE|MAP_FIXED|MAP_DENYWRITE, 3, 0x7000) = 0x7d0c85b94000
mmap(0x7d0c85b95000, 8192, PROT_READ|PROT_WRITE, MAP_PRIVATE|MAP_FIXED|MAP_DENYWRITE, 3, 0x7000) = 0x7d0c85b95000
close(3)                                = 0
openat(AT_FDCWD, "/lib/x86_64-linux-gnu/libgpr.so.29", O_RDONLY|O_CLOEXEC) = 3
read(3, "\177ELF\2\1\1\0\0\0\0\0\0\0\0\0\3\0>\0\1\0\0\0\0\0\0\0\0\0\0\0"..., 832) = 832
fstat(3, {st_mode=S_IFREG|0644, st_size=60664, ...}) = 0
mmap(NULL, 62936, PROT_READ, MAP_PRIVATE|MAP_DENYWRITE, 3, 0) = 0x7d0c85b7d000
mmap(0x7d0c85b82000, 24576, PROT_READ|PROT_EXEC, MAP_PRIVATE|MAP_FIXED|MAP_DENYWRITE, 3, 0x5000) = 0x7d0c85b82000
mmap(0x7d0c85b88000, 12288, PROT_READ, MAP_PRIVATE|MAP_FIXED|MAP_DENYWRITE, 3, 0xb000) = 0x7d0c85b88000
mmap(0x7d0c85b8b000, 8192, PROT_READ|PROT_WRITE, MAP_PRIVATE|MAP_FIXED|MAP_DENYWRITE, 3, 0xd000) = 0x7d0c85b8b000
close(3)                                = 0
openat(AT_FDCWD, "/lib/x86_64-linux-gnu/libabsl_synchronization.so.20220623", O_RDONLY|O_CLOEXEC) = 3
read(3, "\177ELF\2\1\1\0\0\0\0\0\0\0\0\0\3\0>\0\1\0\0\0\0\0\0\0\0\0\0\0"..., 832) = 832
fstat(3, {st_mode=S_IFREG|0644, st_size=59800, ...}) = 0
mmap(NULL, 8192, PROT_READ|PROT_WRITE, MAP_PRIVATE|MAP_ANONYMOUS, -1, 0) = 0x7d0c85b7b000
mmap(NULL, 65992, PROT_READ, MAP_PRIVATE|MAP_DENYWRITE, 3, 0) = 0x7d0c85b6a000
mmap(0x7d0c85b6e000, 24576, PROT_READ|PROT_EXEC, MAP_PRIVATE|MAP_FIXED|MAP_DENYWRITE, 3, 0x4000) = 0x7d0c85b6e000
mmap(0x7d0c85b74000, 12288, PROT_READ, MAP_PRIVATE|MAP_FIXED|MAP_DENYWRITE, 3, 0xa000) = 0x7d0c85b74000
mmap(0x7d0c85b77000, 8192, PROT_READ|PROT_WRITE, MAP_PRIVATE|MAP_FIXED|MAP_DENYWRITE, 3, 0xd000) = 0x7d0c85b77000
mmap(0x7d0c85b79000, 4552, PROT_READ|PROT_WRITE, MAP_PRIVATE|MAP_FIXED|MAP_ANONYMOUS, -1, 0) = 0x7d0c85b79000
close(3strace: Process 6727 detached
 <detached ...>
